<?xml version="1.0" encoding="UTF-8"?>
<coverage generated="1710010693">
  <project timestamp="1710010693">
    <file name="/app/src/MSTeamsWebhookMessageSenderInterface.php">
      <metrics loc="20" ncloc="15" classes="0" methods="0" coveredmethods="0" conditionals="0" coveredconditionals="0" statements="0" coveredstatements="0" elements="0" coveredelements="0"/>
    </file>
    <file name="/app/src/configs/Connector.php">
      <class name="rocketfellows\MSTeamsWebhookMessageSender\configs\Connector" namespace="global">
        <metrics complexity="3" methods="3" coveredmethods="3" conditionals="0" coveredconditionals="0" statements="7" coveredstatements="7" elements="10" coveredelements="10"/>
      </class>
      <line num="9" type="method" name="__construct" visibility="public" complexity="1" crap="1" count="4"/>
      <line num="12" type="stmt" count="4"/>
      <line num="15" type="method" name="create" visibility="public" complexity="1" crap="1" count="2"/>
      <line num="17" type="stmt" count="2"/>
      <line num="18" type="stmt" count="2"/>
      <line num="19" type="stmt" count="2"/>
      <line num="20" type="stmt" count="2"/>
      <line num="21" type="stmt" count="2"/>
      <line num="24" type="method" name="getIncomingWebhookUrl" visibility="public" complexity="1" crap="1" count="10"/>
      <line num="26" type="stmt" count="10"/>
      <metrics loc="29" ncloc="29" classes="1" methods="3" coveredmethods="3" conditionals="0" coveredconditionals="0" statements="7" coveredstatements="7" elements="10" coveredelements="10"/>
    </file>
    <file name="/app/src/exceptions/MSTeamsWebhookMessageSenderException.php">
      <class name="rocketfellows\MSTeamsWebhookMessageSender\exceptions\MSTeamsWebhookMessageSenderException" namespace="global">
        <metrics complexity="0" methods="0" coveredmethods="0" conditionals="0" coveredconditionals="0" statements="0" coveredstatements="0" elements="0" coveredelements="0"/>
      </class>
      <metrics loc="10" ncloc="10" classes="0" methods="0" coveredmethods="0" conditionals="0" coveredconditionals="0" statements="0" coveredstatements="0" elements="0" coveredelements="0"/>
    </file>
    <file name="/app/src/exceptions/configs/EmptyIncomingWebhookUrlException.php">
      <class name="rocketfellows\MSTeamsWebhookMessageSender\exceptions\configs\EmptyIncomingWebhookUrlException" namespace="global">
        <metrics complexity="0" methods="0" coveredmethods="0" conditionals="0" coveredconditionals="0" statements="0" coveredstatements="0" elements="0" coveredelements="0"/>
      </class>
      <metrics loc="8" ncloc="8" classes="0" methods="0" coveredmethods="0" conditionals="0" coveredconditionals="0" statements="0" coveredstatements="0" elements="0" coveredelements="0"/>
    </file>
    <file name="/app/src/exceptions/configs/InvalidIncomingWebhookUrlException.php">
      <class name="rocketfellows\MSTeamsWebhookMessageSender\exceptions\configs\InvalidIncomingWebhookUrlException" namespace="global">
        <metrics complexity="0" methods="0" coveredmethods="0" conditionals="0" coveredconditionals="0" statements="0" coveredstatements="0" elements="0" coveredelements="0"/>
      </class>
      <metrics loc="8" ncloc="8" classes="0" methods="0" coveredmethods="0" conditionals="0" coveredconditionals="0" statements="0" coveredstatements="0" elements="0" coveredelements="0"/>
    </file>
    <file name="/app/src/exceptions/configs/MSTeamsWebhookConnectorException.php">
      <class name="rocketfellows\MSTeamsWebhookMessageSender\exceptions\configs\MSTeamsWebhookConnectorException" namespace="global">
        <metrics complexity="0" methods="0" coveredmethods="0" conditionals="0" coveredconditionals="0" statements="0" coveredstatements="0" elements="0" coveredelements="0"/>
      </class>
      <metrics loc="10" ncloc="10" classes="0" methods="0" coveredmethods="0" conditionals="0" coveredconditionals="0" statements="0" coveredstatements="0" elements="0" coveredelements="0"/>
    </file>
    <file name="/app/src/exceptions/message/EmptyMessageException.php">
      <class name="rocketfellows\MSTeamsWebhookMessageSender\exceptions\message\EmptyMessageException" namespace="global">
        <metrics complexity="0" methods="0" coveredmethods="0" conditionals="0" coveredconditionals="0" statements="0" coveredstatements="0" elements="0" coveredelements="0"/>
      </class>
      <metrics loc="8" ncloc="8" classes="0" methods="0" coveredmethods="0" conditionals="0" coveredconditionals="0" statements="0" coveredstatements="0" elements="0" coveredelements="0"/>
    </file>
    <file name="/app/src/exceptions/message/MSTeamsWebhookMessageException.php">
      <class name="rocketfellows\MSTeamsWebhookMessageSender\exceptions\message\MSTeamsWebhookMessageException" namespace="global">
        <metrics complexity="0" methods="0" coveredmethods="0" conditionals="0" coveredconditionals="0" statements="0" coveredstatements="0" elements="0" coveredelements="0"/>
      </class>
      <metrics loc="10" ncloc="10" classes="0" methods="0" coveredmethods="0" conditionals="0" coveredconditionals="0" statements="0" coveredstatements="0" elements="0" coveredelements="0"/>
    </file>
    <file name="/app/src/models/Message.php">
      <class name="rocketfellows\MSTeamsWebhookMessageSender\models\Message" namespace="global">
        <metrics complexity="6" methods="6" coveredmethods="6" conditionals="0" coveredconditionals="0" statements="15" coveredstatements="15" elements="21" coveredelements="21"/>
      </class>
      <line num="15" type="method" name="__construct" visibility="public" complexity="1" crap="1" count="12"/>
      <line num="19" type="stmt" count="12"/>
      <line num="20" type="stmt" count="12"/>
      <line num="23" type="method" name="create" visibility="public" complexity="1" crap="1" count="4"/>
      <line num="27" type="stmt" count="4"/>
      <line num="28" type="stmt" count="4"/>
      <line num="29" type="stmt" count="4"/>
      <line num="30" type="stmt" count="4"/>
      <line num="31" type="stmt" count="4"/>
      <line num="32" type="stmt" count="4"/>
      <line num="35" type="method" name="getText" visibility="public" complexity="1" crap="1" count="16"/>
      <line num="37" type="stmt" count="16"/>
      <line num="40" type="method" name="getTitle" visibility="public" complexity="1" crap="1" count="15"/>
      <line num="42" type="stmt" count="15"/>
      <line num="45" type="method" name="convertToJson" visibility="public" complexity="1" crap="1" count="7"/>
      <line num="47" type="stmt" count="7"/>
      <line num="50" type="method" name="jsonSerialize" visibility="public" complexity="1" crap="1" count="7"/>
      <line num="52" type="stmt" count="7"/>
      <line num="53" type="stmt" count="7"/>
      <line num="54" type="stmt" count="7"/>
      <line num="55" type="stmt" count="7"/>
      <metrics loc="58" ncloc="58" classes="1" methods="6" coveredmethods="6" conditionals="0" coveredconditionals="0" statements="15" coveredstatements="15" elements="21" coveredelements="21"/>
    </file>
    <file name="/app/src/senders/MSTeamsWebhookMessageSender.php">
      <class name="rocketfellows\MSTeamsWebhookMessageSender\senders\MSTeamsWebhookMessageSender" namespace="global">
        <metrics complexity="8" methods="5" coveredmethods="5" conditionals="0" coveredconditionals="0" statements="17" coveredstatements="17" elements="22" coveredelements="22"/>
      </class>
      <line num="24" type="method" name="__construct" visibility="public" complexity="1" crap="1" count="7"/>
      <line num="27" type="stmt" count="7"/>
      <line num="30" type="method" name="sendMessage" visibility="public" complexity="1" crap="1" count="6"/>
      <line num="33" type="stmt" count="6"/>
      <line num="34" type="stmt" count="4"/>
      <line num="36" type="stmt" count="3"/>
      <line num="43" type="method" name="validateConnector" visibility="private" complexity="3" crap="3" count="6"/>
      <line num="45" type="stmt" count="6"/>
      <line num="46" type="stmt" count="1"/>
      <line num="49" type="stmt" count="5"/>
      <line num="50" type="stmt" count="1"/>
      <line num="57" type="method" name="validateMessage" visibility="private" complexity="2" crap="2" count="4"/>
      <line num="59" type="stmt" count="4"/>
      <line num="60" type="stmt" count="1"/>
      <line num="64" type="method" name="requestSendMessage" visibility="private" complexity="1" crap="1" count="3"/>
      <line num="66" type="stmt" count="3"/>
      <line num="67" type="stmt" count="3"/>
      <line num="68" type="stmt" count="3"/>
      <line num="69" type="stmt" count="3"/>
      <line num="70" type="stmt" count="3"/>
      <line num="71" type="stmt" count="3"/>
      <line num="72" type="stmt" count="3"/>
      <metrics loc="75" ncloc="67" classes="1" methods="5" coveredmethods="5" conditionals="0" coveredconditionals="0" statements="17" coveredstatements="17" elements="22" coveredelements="22"/>
    </file>
    <metrics files="10" loc="236" ncloc="223" classes="3" methods="14" coveredmethods="14" conditionals="0" coveredconditionals="0" statements="39" coveredstatements="39" elements="53" coveredelements="53"/>
  </project>
</coverage>
